05:59:16 **** Incremental Build of configuration Debug for project ADC ****
make all 
Building file: ../ADC_prog.c
Invoking: AVR Compiler
avr-gcc -Wall -g2 -gstabs -O0 -fpack-struct -fshort-enums -ffunction-sections -fdata-sections -std=gnu99 -funsigned-char -funsigned-bitfields -mmcu=atmega16 -DF_CPU=1000000UL -MMD -MP -MF"ADC_prog.d" -MT"ADC_prog.o" -c -o "ADC_prog.o" "../ADC_prog.c"
../ADC_prog.c: In function '__vector_16':
../ADC_prog.c:545: warning: passing argument 1 of 'ADC_pvidfunISRFunc' discards qualifiers from pointer target type
Finished building: ../ADC_prog.c
 
Building target: ADC.elf
Invoking: AVR C Linker
avr-gcc -Wl,-Map,ADC.map -mmcu=atmega16 -o "ADC.elf"  ./MCAL/GIE/GIE_prog.o  ./MCAL/EXTI/EXTI_Cnfg.o ./MCAL/EXTI/EXTI_prog.o  ./MCAL/DIO/DIO_prog.o  ./HAL/Switch/Swirch_prog.o ./HAL/Switch/Switch_config.o  ./HAL/LED/Led_config.o ./HAL/LED/Led_prog.o  ./ADC_prog.o ./main.o   
Finished building target: ADC.elf
 
Invoking: AVR Create Extended Listing
avr-objdump -h -S ADC.elf  >"ADC.lss"
Finished building: ADC.lss
 
Create Flash image (ihex format)
avr-objcopy -R .eeprom -R .fuse -R .lock -R .signature -O ihex ADC.elf  "ADC.hex"
Finished building: ADC.hex
 
Invoking: Print Size
avr-size --format=avr --mcu=atmega16 ADC.elf
AVR Memory Usage
----------------
Device: atmega16

Program:   10762 bytes (65.7% Full)
(.text + .data + .bootloader)

Data:         34 bytes (3.3% Full)
(.data + .bss + .noinit)


Finished building: sizedummy
 

05:59:18 Build Finished. 0 errors, 1 warnings. (took 1s.552ms)

