13:14:19 **** Build of configuration Debug for project EXTI ****
make all 
Building file: ../EXTI_prog.c
Invoking: AVR Compiler
avr-gcc -Wall -g2 -gstabs -O0 -fpack-struct -fshort-enums -ffunction-sections -fdata-sections -std=gnu99 -funsigned-char -funsigned-bitfields -mmcu=atmega16 -DF_CPU=1000000UL -MMD -MP -MF"EXTI_prog.d" -MT"EXTI_prog.o" -c -o "EXTI_prog.o" "../EXTI_prog.c"
../EXTI_prog.c: In function '__vector_1':
../EXTI_prog.c:475: warning: passing argument 1 of 'EXTI_ApfunINTFunc[0]' discards qualifiers from pointer target type
../EXTI_prog.c: In function '__vector_2':
../EXTI_prog.c:491: warning: passing argument 1 of 'EXTI_ApfunINTFunc[1]' discards qualifiers from pointer target type
../EXTI_prog.c: In function '__vector_3':
../EXTI_prog.c:510: warning: passing argument 1 of 'EXTI_ApfunINTFunc[2]' discards qualifiers from pointer target type
Finished building: ../EXTI_prog.c
 
Building target: EXTI.elf
Invoking: AVR C Linker
avr-gcc -Wl,-Map,EXTI.map -mmcu=atmega16 -o "EXTI.elf"  ./MCAL/DIO_prog.o  ./HAL/Switch/Swirch_prog.o ./HAL/Switch/Switch_config.o  ./HAL/LED/Led_config.o ./HAL/LED/Led_prog.o  ./EXTI_Cnfg.o ./EXTI_prog.o ./main.o   
Finished building target: EXTI.elf
 
Invoking: AVR Create Extended Listing
avr-objdump -h -S EXTI.elf  >"EXTI.lss"
Finished building: EXTI.lss
 
Create Flash image (ihex format)
avr-objcopy -R .eeprom -R .fuse -R .lock -R .signature -O ihex EXTI.elf  "EXTI.hex"
Finished building: EXTI.hex
 
Invoking: Print Size
avr-size --format=avr --mcu=atmega16 EXTI.elf
AVR Memory Usage
----------------
Device: atmega16

Program:    5794 bytes (35.4% Full)
(.text + .data + .bootloader)

Data:         22 bytes (2.1% Full)
(.data + .bss + .noinit)


Finished building: sizedummy
 

13:14:21 Build Finished. 0 errors, 3 warnings. (took 1s.694ms)

