14:38:11 **** Incremental Build of configuration Debug for project TIMER ****
make all 
Building file: ../main.c
Invoking: AVR Compiler
avr-gcc -Wall -g2 -gstabs -O0 -fpack-struct -fshort-enums -ffunction-sections -fdata-sections -std=gnu99 -funsigned-char -funsigned-bitfields -mmcu=atmega16 -DF_CPU=1000000UL -MMD -MP -MF"main.d" -MT"main.o" -c -o "main.o" "../main.c"
In file included from ../main.c:15:
c:/winavr-20100110/lib/gcc/../../avr/include/util/delay.h:90:3: warning: #warning "Compiler optimizations disabled; functions from <util/delay.h> won't work as designed"
Finished building: ../main.c
 
Building target: TIMER.elf
Invoking: AVR C Linker
avr-gcc -Wl,-Map,TIMER.map -mmcu=atmega16 -o "TIMER.elf"  ./TIMER_Cnfg.o ./TIMER_Prog.o ./main.o   
Finished building target: TIMER.elf
 
Invoking: AVR Create Extended Listing
avr-objdump -h -S TIMER.elf  >"TIMER.lss"
Finished building: TIMER.lss
 
Create Flash image (ihex format)
avr-objcopy -R .eeprom -R .fuse -R .lock -R .signature -O ihex TIMER.elf  "TIMER.hex"
Finished building: TIMER.hex
 
Invoking: Print Size
avr-size --format=avr --mcu=atmega16 TIMER.elf
AVR Memory Usage
----------------
Device: atmega16

Program:    3554 bytes (21.7% Full)
(.text + .data + .bootloader)

Data:         24 bytes (2.3% Full)
(.data + .bss + .noinit)


Finished building: sizedummy
 

14:38:13 Build Finished. 0 errors, 1 warnings. (took 1s.227ms)

