10:15:48 **** Incremental Build of configuration Debug for project Seven_Segment ****
make all 
Building file: ../Seven_Segment_prog.c
Invoking: AVR Compiler
avr-gcc -Wall -g2 -gstabs -O0 -fpack-struct -fshort-enums -ffunction-sections -fdata-sections -std=gnu99 -funsigned-char -funsigned-bitfields -mmcu=atmega16 -DF_CPU=1000000UL -MMD -MP -MF"Seven_Segment_prog.d" -MT"Seven_Segment_prog.o" -c -o "Seven_Segment_prog.o" "../Seven_Segment_prog.c"
Finished building: ../Seven_Segment_prog.c
 
Building file: ../main.c
Invoking: AVR Compiler
avr-gcc -Wall -g2 -gstabs -O0 -fpack-struct -fshort-enums -ffunction-sections -fdata-sections -std=gnu99 -funsigned-char -funsigned-bitfields -mmcu=atmega16 -DF_CPU=1000000UL -MMD -MP -MF"main.d" -MT"main.o" -c -o "main.o" "../main.c"
In file included from ../main.c:21:
c:/winavr-20100110/lib/gcc/../../avr/include/util/delay.h:90:3: warning: #warning "Compiler optimizations disabled; functions from <util/delay.h> won't work as designed"
Finished building: ../main.c
 
Building target: Seven_Segment.elf
Invoking: AVR C Linker
avr-gcc -Wl,-Map,Seven_Segment.map -mmcu=atmega16 -o "Seven_Segment.elf"  ./MCAL/DIO_prog.o  ./Seven_Segment_prog.o ./main.o   
Finished building target: Seven_Segment.elf
 
Invoking: AVR Create Extended Listing
avr-objdump -h -S Seven_Segment.elf  >"Seven_Segment.lss"
Finished building: Seven_Segment.lss
 
Create Flash image (ihex format)
avr-objcopy -R .eeprom -R .fuse -R .lock -R .signature -O ihex Seven_Segment.elf  "Seven_Segment.hex"
Finished building: Seven_Segment.hex
 
Invoking: Print Size
avr-size --format=avr --mcu=atmega16 Seven_Segment.elf
AVR Memory Usage
----------------
Device: atmega16

Program:    6400 bytes (39.1% Full)
(.text + .data + .bootloader)

Data:         18 bytes (1.8% Full)
(.data + .bss + .noinit)


Finished building: sizedummy
 

10:15:50 Build Finished. 0 errors, 1 warnings. (took 1s.632ms)

